2019-05-05 18:26:31,026 INFO Let the Outer CV Begin for fgw_mutag_feature_metric_dirac_structure_metric_shortest_path
2019-05-05 18:26:31,026 INFO n_outer : 10
2019-05-05 18:26:31,026 INFO n_inner : 10
2019-05-05 18:26:31,120 INFO ############ Begin nested CV ############
2019-05-05 18:26:31,120 INFO Inner : 10
2019-05-05 18:26:31,121 INFO Outer : 10
2019-05-05 18:26:31,121 INFO params : [{'wl': [0], 'gamma': [0.0009765625, 0.002628711313735071, 0.007075966127061773, 0.019047088346944928, 0.05127095975047737, 0.1380111892092266, 0.37149857228423705, 1.0, 2.6918003852647128, 7.2457893141112555, 19.504218467271617, 52.501462784488865, 141.32345775024794, 380.4145380190592, 1024.0], 'features_metric': ['dirac'], 'method': ['shortest_path'], 'amijo': [True], 'alpha': [1.0], 'C': [0.0001, 0.0003727593720314938, 0.0013894954943731374, 0.005179474679231213, 0.019306977288832496, 0.07196856730011514, 0.2682695795279725, 1.0, 3.727593720314938, 13.89495494373136, 51.79474679231202, 193.06977288832496, 719.6856730011514, 2682.695795279722, 10000.0]}]
2019-05-05 18:26:31,122 INFO Begin precomputing all distances matrices
2019-05-05 18:26:31,122 INFO 1 matrices to fit...
2019-05-05 18:27:18,650 INFO ...Done
2019-05-05 18:27:19,099 INFO ############ All params Done for one inner cut ############
2019-05-05 18:27:19,513 INFO ############ All params Done for one inner cut ############
2019-05-05 18:27:19,949 INFO ############ All params Done for one inner cut ############
2019-05-05 18:27:20,377 INFO ############ All params Done for one inner cut ############
2019-05-05 18:27:20,801 INFO ############ All params Done for one inner cut ############
2019-05-05 18:27:21,237 INFO ############ All params Done for one inner cut ############
2019-05-05 18:27:21,656 INFO ############ All params Done for one inner cut ############
2019-05-05 18:27:22,088 INFO ############ All params Done for one inner cut ############
2019-05-05 18:27:22,499 INFO ############ All params Done for one inner cut ############
2019-05-05 18:27:22,932 INFO ############ All params Done for one inner cut ############
2019-05-05 18:27:22,932 INFO ############ One inner CV Done ############
2019-05-05 18:27:22,936 INFO Best params : {'wl': 0, 'gamma': 2.6918003852647128, 'features_metric': 'dirac', 'method': 'shortest_path', 'amijo': True, 'alpha': 1.0, 'C': 1.0}
2019-05-05 18:27:22,936 INFO Best inner score : 0.8761029411764707
2019-05-05 18:27:22,938 INFO Outer accuracy 0.8421052631578947
2019-05-05 18:27:22,938 INFO ############ One outer Done ############
2019-05-05 18:27:23,364 INFO ############ All params Done for one inner cut ############
2019-05-05 18:27:23,794 INFO ############ All params Done for one inner cut ############
2019-05-05 18:27:24,225 INFO ############ All params Done for one inner cut ############
2019-05-05 18:27:24,653 INFO ############ All params Done for one inner cut ############
2019-05-05 18:27:25,083 INFO ############ All params Done for one inner cut ############
2019-05-05 18:27:25,503 INFO ############ All params Done for one inner cut ############
2019-05-05 18:27:25,931 INFO ############ All params Done for one inner cut ############
2019-05-05 18:27:26,347 INFO ############ All params Done for one inner cut ############
2019-05-05 18:27:26,775 INFO ############ All params Done for one inner cut ############
2019-05-05 18:27:27,195 INFO ############ All params Done for one inner cut ############
2019-05-05 18:27:27,195 INFO ############ One inner CV Done ############
2019-05-05 18:27:27,199 INFO Best params : {'wl': 0, 'gamma': 2.6918003852647128, 'features_metric': 'dirac', 'method': 'shortest_path', 'amijo': True, 'alpha': 1.0, 'C': 3.727593720314938}
2019-05-05 18:27:27,199 INFO Best inner score : 0.8580882352941176
2019-05-05 18:27:27,201 INFO Outer accuracy 0.8947368421052632
2019-05-05 18:27:27,201 INFO ############ One outer Done ############
2019-05-05 18:27:27,610 INFO ############ All params Done for one inner cut ############
2019-05-05 18:27:28,041 INFO ############ All params Done for one inner cut ############
2019-05-05 18:27:28,481 INFO ############ All params Done for one inner cut ############
2019-05-05 18:27:28,928 INFO ############ All params Done for one inner cut ############
2019-05-05 18:27:29,363 INFO ############ All params Done for one inner cut ############
2019-05-05 18:27:29,865 INFO ############ All params Done for one inner cut ############
2019-05-05 18:27:30,356 INFO ############ All params Done for one inner cut ############
2019-05-05 18:27:30,825 INFO ############ All params Done for one inner cut ############
2019-05-05 18:27:31,315 INFO ############ All params Done for one inner cut ############
2019-05-05 18:27:31,875 INFO ############ All params Done for one inner cut ############
2019-05-05 18:27:31,875 INFO ############ One inner CV Done ############
2019-05-05 18:27:31,880 INFO Best params : {'wl': 0, 'gamma': 2.6918003852647128, 'features_metric': 'dirac', 'method': 'shortest_path', 'amijo': True, 'alpha': 1.0, 'C': 1.0}
2019-05-05 18:27:31,880 INFO Best inner score : 0.8579248366013073
2019-05-05 18:27:31,884 INFO Outer accuracy 1.0
2019-05-05 18:27:31,885 INFO ############ One outer Done ############
2019-05-05 18:27:32,430 INFO ############ All params Done for one inner cut ############
2019-05-05 18:27:32,983 INFO ############ All params Done for one inner cut ############
2019-05-05 18:27:33,408 INFO ############ All params Done for one inner cut ############
2019-05-05 18:27:33,860 INFO ############ All params Done for one inner cut ############
2019-05-05 18:27:34,297 INFO ############ All params Done for one inner cut ############
2019-05-05 18:27:34,828 INFO ############ All params Done for one inner cut ############
2019-05-05 18:27:35,249 INFO ############ All params Done for one inner cut ############
2019-05-05 18:27:35,687 INFO ############ All params Done for one inner cut ############
2019-05-05 18:27:36,139 INFO ############ All params Done for one inner cut ############
2019-05-05 18:27:36,580 INFO ############ All params Done for one inner cut ############
2019-05-05 18:27:36,581 INFO ############ One inner CV Done ############
2019-05-05 18:27:36,584 INFO Best params : {'wl': 0, 'gamma': 2.6918003852647128, 'features_metric': 'dirac', 'method': 'shortest_path', 'amijo': True, 'alpha': 1.0, 'C': 1.0}
2019-05-05 18:27:36,584 INFO Best inner score : 0.8345588235294116
2019-05-05 18:27:36,587 INFO Outer accuracy 1.0
2019-05-05 18:27:36,587 INFO ############ One outer Done ############
2019-05-05 18:27:37,025 INFO ############ All params Done for one inner cut ############
2019-05-05 18:27:37,452 INFO ############ All params Done for one inner cut ############
2019-05-05 18:27:37,864 INFO ############ All params Done for one inner cut ############
2019-05-05 18:27:38,271 INFO ############ All params Done for one inner cut ############
2019-05-05 18:27:38,688 INFO ############ All params Done for one inner cut ############
2019-05-05 18:27:39,116 INFO ############ All params Done for one inner cut ############
2019-05-05 18:27:39,559 INFO ############ All params Done for one inner cut ############
2019-05-05 18:27:39,984 INFO ############ All params Done for one inner cut ############
2019-05-05 18:27:40,407 INFO ############ All params Done for one inner cut ############
2019-05-05 18:27:40,830 INFO ############ All params Done for one inner cut ############
2019-05-05 18:27:40,830 INFO ############ One inner CV Done ############
2019-05-05 18:27:40,834 INFO Best params : {'wl': 0, 'gamma': 2.6918003852647128, 'features_metric': 'dirac', 'method': 'shortest_path', 'amijo': True, 'alpha': 1.0, 'C': 1.0}
2019-05-05 18:27:40,834 INFO Best inner score : 0.8747140522875817
2019-05-05 18:27:40,836 INFO Outer accuracy 0.8947368421052632
2019-05-05 18:27:40,836 INFO ############ One outer Done ############
2019-05-05 18:27:41,262 INFO ############ All params Done for one inner cut ############
2019-05-05 18:27:41,690 INFO ############ All params Done for one inner cut ############
2019-05-05 18:27:42,119 INFO ############ All params Done for one inner cut ############
2019-05-05 18:27:42,539 INFO ############ All params Done for one inner cut ############
2019-05-05 18:27:42,968 INFO ############ All params Done for one inner cut ############
2019-05-05 18:27:43,381 INFO ############ All params Done for one inner cut ############
2019-05-05 18:27:43,811 INFO ############ All params Done for one inner cut ############
2019-05-05 18:27:44,242 INFO ############ All params Done for one inner cut ############
2019-05-05 18:27:44,668 INFO ############ All params Done for one inner cut ############
2019-05-05 18:27:45,100 INFO ############ All params Done for one inner cut ############
2019-05-05 18:27:45,100 INFO ############ One inner CV Done ############
2019-05-05 18:27:45,104 INFO Best params : {'wl': 0, 'gamma': 2.6918003852647128, 'features_metric': 'dirac', 'method': 'shortest_path', 'amijo': True, 'alpha': 1.0, 'C': 1.0}
2019-05-05 18:27:45,104 INFO Best inner score : 0.8569444444444445
2019-05-05 18:27:45,106 INFO Outer accuracy 0.7894736842105263
2019-05-05 18:27:45,106 INFO ############ One outer Done ############
2019-05-05 18:27:45,623 INFO ############ All params Done for one inner cut ############
2019-05-05 18:27:46,166 INFO ############ All params Done for one inner cut ############
2019-05-05 18:27:46,696 INFO ############ All params Done for one inner cut ############
2019-05-05 18:27:47,232 INFO ############ All params Done for one inner cut ############
2019-05-05 18:27:47,734 INFO ############ All params Done for one inner cut ############
2019-05-05 18:27:48,166 INFO ############ All params Done for one inner cut ############
2019-05-05 18:27:48,628 INFO ############ All params Done for one inner cut ############
2019-05-05 18:27:49,082 INFO ############ All params Done for one inner cut ############
2019-05-05 18:27:49,511 INFO ############ All params Done for one inner cut ############
2019-05-05 18:27:49,947 INFO ############ All params Done for one inner cut ############
2019-05-05 18:27:49,947 INFO ############ One inner CV Done ############
2019-05-05 18:27:49,950 INFO Best params : {'wl': 0, 'gamma': 1.0, 'features_metric': 'dirac', 'method': 'shortest_path', 'amijo': True, 'alpha': 1.0, 'C': 1.0}
2019-05-05 18:27:49,950 INFO Best inner score : 0.8451797385620914
2019-05-05 18:27:49,952 INFO Outer accuracy 0.8421052631578947
2019-05-05 18:27:49,952 INFO ############ One outer Done ############
2019-05-05 18:27:50,385 INFO ############ All params Done for one inner cut ############
2019-05-05 18:27:50,811 INFO ############ All params Done for one inner cut ############
2019-05-05 18:27:51,234 INFO ############ All params Done for one inner cut ############
2019-05-05 18:27:51,655 INFO ############ All params Done for one inner cut ############
2019-05-05 18:27:52,094 INFO ############ All params Done for one inner cut ############
2019-05-05 18:27:52,509 INFO ############ All params Done for one inner cut ############
2019-05-05 18:27:52,932 INFO ############ All params Done for one inner cut ############
2019-05-05 18:27:53,353 INFO ############ All params Done for one inner cut ############
2019-05-05 18:27:53,794 INFO ############ All params Done for one inner cut ############
2019-05-05 18:27:54,214 INFO ############ All params Done for one inner cut ############
2019-05-05 18:27:54,214 INFO ############ One inner CV Done ############
2019-05-05 18:27:54,217 INFO Best params : {'wl': 0, 'gamma': 2.6918003852647128, 'features_metric': 'dirac', 'method': 'shortest_path', 'amijo': True, 'alpha': 1.0, 'C': 3.727593720314938}
2019-05-05 18:27:54,217 INFO Best inner score : 0.855923202614379
2019-05-05 18:27:54,220 INFO Outer accuracy 0.8947368421052632
2019-05-05 18:27:54,220 INFO ############ One outer Done ############
2019-05-05 18:27:54,653 INFO ############ All params Done for one inner cut ############
2019-05-05 18:27:55,108 INFO ############ All params Done for one inner cut ############
2019-05-05 18:27:55,537 INFO ############ All params Done for one inner cut ############
2019-05-05 18:27:55,978 INFO ############ All params Done for one inner cut ############
2019-05-05 18:27:56,410 INFO ############ All params Done for one inner cut ############
2019-05-05 18:27:56,859 INFO ############ All params Done for one inner cut ############
2019-05-05 18:27:57,304 INFO ############ All params Done for one inner cut ############
2019-05-05 18:27:57,727 INFO ############ All params Done for one inner cut ############
2019-05-05 18:27:58,176 INFO ############ All params Done for one inner cut ############
2019-05-05 18:27:58,612 INFO ############ All params Done for one inner cut ############
2019-05-05 18:27:58,612 INFO ############ One inner CV Done ############
2019-05-05 18:27:58,616 INFO Best params : {'wl': 0, 'gamma': 2.6918003852647128, 'features_metric': 'dirac', 'method': 'shortest_path', 'amijo': True, 'alpha': 1.0, 'C': 1.0}
2019-05-05 18:27:58,616 INFO Best inner score : 0.8875
2019-05-05 18:27:58,618 INFO Outer accuracy 0.8421052631578947
2019-05-05 18:27:58,618 INFO ############ One outer Done ############
2019-05-05 18:27:59,050 INFO ############ All params Done for one inner cut ############
2019-05-05 18:27:59,467 INFO ############ All params Done for one inner cut ############
2019-05-05 18:27:59,890 INFO ############ All params Done for one inner cut ############
2019-05-05 18:28:00,331 INFO ############ All params Done for one inner cut ############
2019-05-05 18:28:00,751 INFO ############ All params Done for one inner cut ############
2019-05-05 18:28:01,183 INFO ############ All params Done for one inner cut ############
2019-05-05 18:28:01,609 INFO ############ All params Done for one inner cut ############
2019-05-05 18:28:02,049 INFO ############ All params Done for one inner cut ############
2019-05-05 18:28:02,491 INFO ############ All params Done for one inner cut ############
2019-05-05 18:28:02,915 INFO ############ All params Done for one inner cut ############
2019-05-05 18:28:02,915 INFO ############ One inner CV Done ############
2019-05-05 18:28:02,919 INFO Best params : {'wl': 0, 'gamma': 2.6918003852647128, 'features_metric': 'dirac', 'method': 'shortest_path', 'amijo': True, 'alpha': 1.0, 'C': 3.727593720314938}
2019-05-05 18:28:02,919 INFO Best inner score : 0.8274101307189543
2019-05-05 18:28:02,921 INFO Outer accuracy 1.0
2019-05-05 18:28:02,921 INFO ############ One outer Done ############
2019-05-05 18:28:02,921 INFO Nested mean score 0.9
2019-05-05 18:28:02,921 INFO Nested std score 0.07235645834140801
