2019-05-05 18:24:15,290 INFO Let the Outer CV Begin for fgw_mutag_feature_metric_dirac_structure_metric_shortest_path
2019-05-05 18:24:15,290 INFO Let the Outer CV Begin for fgw_mutag_feature_metric_dirac_structure_metric_shortest_path
2019-05-05 18:24:15,290 INFO n_outer : 10
2019-05-05 18:24:15,290 INFO n_outer : 10
2019-05-05 18:24:15,290 INFO n_inner : 10
2019-05-05 18:24:15,290 INFO n_inner : 10
2019-05-05 18:24:15,390 INFO ############ Begin nested CV ############
2019-05-05 18:24:15,390 INFO Inner : 10
2019-05-05 18:24:15,390 INFO Outer : 10
2019-05-05 18:24:15,390 INFO params : [{'gamma': [0.0009765625, 0.002628711313735071, 0.007075966127061773, 0.019047088346944928, 0.05127095975047737, 0.1380111892092266, 0.37149857228423705, 1.0, 2.6918003852647128, 7.2457893141112555, 19.504218467271617, 52.501462784488865, 141.32345775024794, 380.4145380190592, 1024.0], 'method': ['shortest_path'], 'alpha': [1.0], 'wl': [0], 'amijo': [True], 'C': [0.0001, 0.0003727593720314938, 0.0013894954943731374, 0.005179474679231213, 0.019306977288832496, 0.07196856730011514, 0.2682695795279725, 1.0, 3.727593720314938, 13.89495494373136, 51.79474679231202, 193.06977288832496, 719.6856730011514, 2682.695795279722, 10000.0], 'features_metric': ['dirac']}]
2019-05-05 18:24:15,391 INFO Begin precomputing all distances matrices
2019-05-05 18:24:15,391 INFO 1 matrices to fit...
2019-05-05 18:24:15,393 INFO ############ Begin nested CV ############
2019-05-05 18:24:15,393 INFO Inner : 10
2019-05-05 18:24:15,393 INFO Outer : 10
2019-05-05 18:24:15,393 INFO params : [{'C': [0.0001, 0.0003727593720314938, 0.0013894954943731374, 0.005179474679231213, 0.019306977288832496, 0.07196856730011514, 0.2682695795279725, 1.0, 3.727593720314938, 13.89495494373136, 51.79474679231202, 193.06977288832496, 719.6856730011514, 2682.695795279722, 10000.0], 'alpha': [1.0], 'features_metric': ['dirac'], 'gamma': [0.0009765625, 0.002628711313735071, 0.007075966127061773, 0.019047088346944928, 0.05127095975047737, 0.1380111892092266, 0.37149857228423705, 1.0, 2.6918003852647128, 7.2457893141112555, 19.504218467271617, 52.501462784488865, 141.32345775024794, 380.4145380190592, 1024.0], 'amijo': [False], 'wl': [0], 'method': ['shortest_path']}]
2019-05-05 18:24:15,394 INFO Begin precomputing all distances matrices
2019-05-05 18:24:15,394 INFO 1 matrices to fit...
2019-05-05 18:25:04,726 INFO ...Done
2019-05-05 18:25:05,216 INFO ############ All params Done for one inner cut ############
2019-05-05 18:25:05,699 INFO ############ All params Done for one inner cut ############
2019-05-05 18:25:06,198 INFO ############ All params Done for one inner cut ############
2019-05-05 18:25:06,666 INFO ############ All params Done for one inner cut ############
2019-05-05 18:25:06,755 INFO ...Done
2019-05-05 18:25:07,185 INFO ############ All params Done for one inner cut ############
2019-05-05 18:25:07,274 INFO ############ All params Done for one inner cut ############
2019-05-05 18:25:07,702 INFO ############ All params Done for one inner cut ############
2019-05-05 18:25:07,778 INFO ############ All params Done for one inner cut ############
2019-05-05 18:25:08,209 INFO ############ All params Done for one inner cut ############
2019-05-05 18:25:08,299 INFO ############ All params Done for one inner cut ############
2019-05-05 18:25:08,716 INFO ############ All params Done for one inner cut ############
2019-05-05 18:25:08,844 INFO ############ All params Done for one inner cut ############
2019-05-05 18:25:09,535 INFO ############ All params Done for one inner cut ############
2019-05-05 18:25:09,689 INFO ############ All params Done for one inner cut ############
2019-05-05 18:25:10,068 INFO ############ All params Done for one inner cut ############
2019-05-05 18:25:10,068 INFO ############ One inner CV Done ############
2019-05-05 18:25:10,071 INFO Best params : {'C': 1.0, 'alpha': 1.0, 'features_metric': 'dirac', 'gamma': 2.6918003852647128, 'amijo': False, 'wl': 0, 'method': 'shortest_path'}
2019-05-05 18:25:10,071 INFO Best inner score : 0.8878676470588236
2019-05-05 18:25:10,074 INFO Outer accuracy 0.8421052631578947
2019-05-05 18:25:10,074 INFO ############ One outer Done ############
2019-05-05 18:25:10,164 INFO ############ All params Done for one inner cut ############
2019-05-05 18:25:10,525 INFO ############ All params Done for one inner cut ############
2019-05-05 18:25:10,614 INFO ############ All params Done for one inner cut ############
2019-05-05 18:25:10,982 INFO ############ All params Done for one inner cut ############
2019-05-05 18:25:11,082 INFO ############ All params Done for one inner cut ############
2019-05-05 18:25:11,454 INFO ############ All params Done for one inner cut ############
2019-05-05 18:25:11,599 INFO ############ All params Done for one inner cut ############
2019-05-05 18:25:12,058 INFO ############ All params Done for one inner cut ############
2019-05-05 18:25:12,163 INFO ############ All params Done for one inner cut ############
2019-05-05 18:25:12,163 INFO ############ One inner CV Done ############
2019-05-05 18:25:12,167 INFO Best params : {'gamma': 2.6918003852647128, 'method': 'shortest_path', 'C': 1.0, 'alpha': 1.0, 'amijo': True, 'wl': 0, 'features_metric': 'dirac'}
2019-05-05 18:25:12,167 INFO Best inner score : 0.8761029411764707
2019-05-05 18:25:12,170 INFO Outer accuracy 0.8421052631578947
2019-05-05 18:25:12,170 INFO ############ One outer Done ############
2019-05-05 18:25:12,528 INFO ############ All params Done for one inner cut ############
2019-05-05 18:25:12,675 INFO ############ All params Done for one inner cut ############
2019-05-05 18:25:13,016 INFO ############ All params Done for one inner cut ############
2019-05-05 18:25:13,138 INFO ############ All params Done for one inner cut ############
2019-05-05 18:25:13,471 INFO ############ All params Done for one inner cut ############
2019-05-05 18:25:13,591 INFO ############ All params Done for one inner cut ############
2019-05-05 18:25:13,941 INFO ############ All params Done for one inner cut ############
2019-05-05 18:25:14,075 INFO ############ All params Done for one inner cut ############
2019-05-05 18:25:14,398 INFO ############ All params Done for one inner cut ############
2019-05-05 18:25:14,537 INFO ############ All params Done for one inner cut ############
2019-05-05 18:25:14,924 INFO ############ All params Done for one inner cut ############
2019-05-05 18:25:14,924 INFO ############ One inner CV Done ############
2019-05-05 18:25:14,928 INFO Best params : {'C': 3.727593720314938, 'alpha': 1.0, 'features_metric': 'dirac', 'gamma': 2.6918003852647128, 'amijo': False, 'wl': 0, 'method': 'shortest_path'}
2019-05-05 18:25:14,928 INFO Best inner score : 0.8698529411764706
2019-05-05 18:25:14,930 INFO Outer accuracy 0.8947368421052632
2019-05-05 18:25:14,931 INFO ############ One outer Done ############
2019-05-05 18:25:15,074 INFO ############ All params Done for one inner cut ############
2019-05-05 18:25:15,413 INFO ############ All params Done for one inner cut ############
2019-05-05 18:25:15,582 INFO ############ All params Done for one inner cut ############
2019-05-05 18:25:15,897 INFO ############ All params Done for one inner cut ############
2019-05-05 18:25:16,056 INFO ############ All params Done for one inner cut ############
2019-05-05 18:25:16,387 INFO ############ All params Done for one inner cut ############
2019-05-05 18:25:16,561 INFO ############ All params Done for one inner cut ############
2019-05-05 18:25:17,002 INFO ############ All params Done for one inner cut ############
2019-05-05 18:25:17,202 INFO ############ All params Done for one inner cut ############
2019-05-05 18:25:17,202 INFO ############ One inner CV Done ############
2019-05-05 18:25:17,205 INFO Best params : {'gamma': 2.6918003852647128, 'method': 'shortest_path', 'C': 3.727593720314938, 'alpha': 1.0, 'amijo': True, 'wl': 0, 'features_metric': 'dirac'}
2019-05-05 18:25:17,206 INFO Best inner score : 0.8580882352941176
2019-05-05 18:25:17,208 INFO Outer accuracy 0.8947368421052632
2019-05-05 18:25:17,208 INFO ############ One outer Done ############
2019-05-05 18:25:17,526 INFO ############ All params Done for one inner cut ############
2019-05-05 18:25:17,713 INFO ############ All params Done for one inner cut ############
2019-05-05 18:25:18,107 INFO ############ All params Done for one inner cut ############
2019-05-05 18:25:18,292 INFO ############ All params Done for one inner cut ############
2019-05-05 18:25:18,626 INFO ############ All params Done for one inner cut ############
2019-05-05 18:25:18,864 INFO ############ All params Done for one inner cut ############
2019-05-05 18:25:19,274 INFO ############ All params Done for one inner cut ############
2019-05-05 18:25:19,411 INFO ############ All params Done for one inner cut ############
2019-05-05 18:25:19,746 INFO ############ All params Done for one inner cut ############
2019-05-05 18:25:19,897 INFO ############ All params Done for one inner cut ############
2019-05-05 18:25:20,229 INFO ############ All params Done for one inner cut ############
2019-05-05 18:25:20,229 INFO ############ One inner CV Done ############
2019-05-05 18:25:20,232 INFO Best params : {'C': 3.727593720314938, 'alpha': 1.0, 'features_metric': 'dirac', 'gamma': 2.6918003852647128, 'amijo': False, 'wl': 0, 'method': 'shortest_path'}
2019-05-05 18:25:20,232 INFO Best inner score : 0.8641748366013072
2019-05-05 18:25:20,235 INFO Outer accuracy 1.0
2019-05-05 18:25:20,235 INFO ############ One outer Done ############
2019-05-05 18:25:20,360 INFO ############ All params Done for one inner cut ############
2019-05-05 18:25:20,803 INFO ############ All params Done for one inner cut ############
2019-05-05 18:25:20,998 INFO ############ All params Done for one inner cut ############
2019-05-05 18:25:21,379 INFO ############ All params Done for one inner cut ############
2019-05-05 18:25:21,477 INFO ############ All params Done for one inner cut ############
2019-05-05 18:25:21,904 INFO ############ All params Done for one inner cut ############
2019-05-05 18:25:22,000 INFO ############ All params Done for one inner cut ############
2019-05-05 18:25:22,395 INFO ############ All params Done for one inner cut ############
2019-05-05 18:25:22,492 INFO ############ All params Done for one inner cut ############
2019-05-05 18:25:22,492 INFO ############ One inner CV Done ############
2019-05-05 18:25:22,497 INFO Best params : {'gamma': 2.6918003852647128, 'method': 'shortest_path', 'C': 1.0, 'alpha': 1.0, 'amijo': True, 'wl': 0, 'features_metric': 'dirac'}
2019-05-05 18:25:22,497 INFO Best inner score : 0.8579248366013073
2019-05-05 18:25:22,499 INFO Outer accuracy 1.0
2019-05-05 18:25:22,499 INFO ############ One outer Done ############
2019-05-05 18:25:22,904 INFO ############ All params Done for one inner cut ############
2019-05-05 18:25:23,007 INFO ############ All params Done for one inner cut ############
2019-05-05 18:25:23,367 INFO ############ All params Done for one inner cut ############
2019-05-05 18:25:23,475 INFO ############ All params Done for one inner cut ############
2019-05-05 18:25:23,844 INFO ############ All params Done for one inner cut ############
2019-05-05 18:25:23,959 INFO ############ All params Done for one inner cut ############
2019-05-05 18:25:24,308 INFO ############ All params Done for one inner cut ############
2019-05-05 18:25:24,429 INFO ############ All params Done for one inner cut ############
2019-05-05 18:25:24,830 INFO ############ All params Done for one inner cut ############
2019-05-05 18:25:25,028 INFO ############ All params Done for one inner cut ############
2019-05-05 18:25:25,455 INFO ############ All params Done for one inner cut ############
2019-05-05 18:25:25,455 INFO ############ One inner CV Done ############
2019-05-05 18:25:25,458 INFO Best params : {'C': 1.0, 'alpha': 1.0, 'features_metric': 'dirac', 'gamma': 2.6918003852647128, 'amijo': False, 'wl': 0, 'method': 'shortest_path'}
2019-05-05 18:25:25,458 INFO Best inner score : 0.834191176470588
2019-05-05 18:25:25,461 INFO Outer accuracy 1.0
2019-05-05 18:25:25,461 INFO ############ One outer Done ############
2019-05-05 18:25:25,569 INFO ############ All params Done for one inner cut ############
2019-05-05 18:25:25,959 INFO ############ All params Done for one inner cut ############
2019-05-05 18:25:26,062 INFO ############ All params Done for one inner cut ############
2019-05-05 18:25:26,428 INFO ############ All params Done for one inner cut ############
2019-05-05 18:25:26,527 INFO ############ All params Done for one inner cut ############
2019-05-05 18:25:27,075 INFO ############ All params Done for one inner cut ############
2019-05-05 18:25:27,200 INFO ############ All params Done for one inner cut ############
2019-05-05 18:25:27,553 INFO ############ All params Done for one inner cut ############
2019-05-05 18:25:27,725 INFO ############ All params Done for one inner cut ############
2019-05-05 18:25:27,726 INFO ############ One inner CV Done ############
2019-05-05 18:25:27,730 INFO Best params : {'gamma': 2.6918003852647128, 'method': 'shortest_path', 'C': 1.0, 'alpha': 1.0, 'amijo': True, 'wl': 0, 'features_metric': 'dirac'}
2019-05-05 18:25:27,730 INFO Best inner score : 0.8345588235294116
2019-05-05 18:25:27,732 INFO Outer accuracy 1.0
2019-05-05 18:25:27,732 INFO ############ One outer Done ############
2019-05-05 18:25:28,054 INFO ############ All params Done for one inner cut ############
2019-05-05 18:25:28,248 INFO ############ All params Done for one inner cut ############
2019-05-05 18:25:28,576 INFO ############ All params Done for one inner cut ############
2019-05-05 18:25:28,735 INFO ############ All params Done for one inner cut ############
2019-05-05 18:25:29,176 INFO ############ All params Done for one inner cut ############
2019-05-05 18:25:29,332 INFO ############ All params Done for one inner cut ############
2019-05-05 18:25:29,671 INFO ############ All params Done for one inner cut ############
2019-05-05 18:25:29,799 INFO ############ All params Done for one inner cut ############
2019-05-05 18:25:30,148 INFO ############ All params Done for one inner cut ############
2019-05-05 18:25:30,272 INFO ############ All params Done for one inner cut ############
2019-05-05 18:25:30,649 INFO ############ All params Done for one inner cut ############
2019-05-05 18:25:30,649 INFO ############ One inner CV Done ############
2019-05-05 18:25:30,653 INFO Best params : {'C': 1.0, 'alpha': 1.0, 'features_metric': 'dirac', 'gamma': 2.6918003852647128, 'amijo': False, 'wl': 0, 'method': 'shortest_path'}
2019-05-05 18:25:30,653 INFO Best inner score : 0.8802696078431372
2019-05-05 18:25:30,655 INFO Outer accuracy 0.8947368421052632
2019-05-05 18:25:30,655 INFO ############ One outer Done ############
2019-05-05 18:25:30,792 INFO ############ All params Done for one inner cut ############
2019-05-05 18:25:31,253 INFO ############ All params Done for one inner cut ############
2019-05-05 18:25:31,387 INFO ############ All params Done for one inner cut ############
2019-05-05 18:25:31,769 INFO ############ All params Done for one inner cut ############
2019-05-05 18:25:31,898 INFO ############ All params Done for one inner cut ############
2019-05-05 18:25:32,297 INFO ############ All params Done for one inner cut ############
2019-05-05 18:25:32,457 INFO ############ All params Done for one inner cut ############
2019-05-05 18:25:32,858 INFO ############ All params Done for one inner cut ############
2019-05-05 18:25:32,991 INFO ############ All params Done for one inner cut ############
2019-05-05 18:25:32,991 INFO ############ One inner CV Done ############
2019-05-05 18:25:32,995 INFO Best params : {'gamma': 2.6918003852647128, 'method': 'shortest_path', 'C': 1.0, 'alpha': 1.0, 'amijo': True, 'wl': 0, 'features_metric': 'dirac'}
2019-05-05 18:25:32,995 INFO Best inner score : 0.8747140522875817
2019-05-05 18:25:32,998 INFO Outer accuracy 0.8947368421052632
2019-05-05 18:25:32,998 INFO ############ One outer Done ############
2019-05-05 18:25:33,371 INFO ############ All params Done for one inner cut ############
2019-05-05 18:25:33,518 INFO ############ All params Done for one inner cut ############
2019-05-05 18:25:33,855 INFO ############ All params Done for one inner cut ############
2019-05-05 18:25:34,037 INFO ############ All params Done for one inner cut ############
2019-05-05 18:25:34,346 INFO ############ All params Done for one inner cut ############
2019-05-05 18:25:34,484 INFO ############ All params Done for one inner cut ############
2019-05-05 18:25:34,787 INFO ############ All params Done for one inner cut ############
2019-05-05 18:25:34,933 INFO ############ All params Done for one inner cut ############
2019-05-05 18:25:35,244 INFO ############ All params Done for one inner cut ############
2019-05-05 18:25:35,392 INFO ############ All params Done for one inner cut ############
2019-05-05 18:25:35,719 INFO ############ All params Done for one inner cut ############
2019-05-05 18:25:35,720 INFO ############ One inner CV Done ############
2019-05-05 18:25:35,724 INFO Best params : {'C': 1.0, 'alpha': 1.0, 'features_metric': 'dirac', 'gamma': 2.6918003852647128, 'amijo': False, 'wl': 0, 'method': 'shortest_path'}
2019-05-05 18:25:35,724 INFO Best inner score : 0.8566176470588236
2019-05-05 18:25:35,727 INFO Outer accuracy 0.7894736842105263
2019-05-05 18:25:35,727 INFO ############ One outer Done ############
2019-05-05 18:25:35,877 INFO ############ All params Done for one inner cut ############
2019-05-05 18:25:36,226 INFO ############ All params Done for one inner cut ############
2019-05-05 18:25:36,386 INFO ############ All params Done for one inner cut ############
2019-05-05 18:25:36,849 INFO ############ All params Done for one inner cut ############
2019-05-05 18:25:37,015 INFO ############ All params Done for one inner cut ############
2019-05-05 18:25:37,409 INFO ############ All params Done for one inner cut ############
2019-05-05 18:25:37,643 INFO ############ All params Done for one inner cut ############
2019-05-05 18:25:38,010 INFO ############ All params Done for one inner cut ############
2019-05-05 18:25:38,150 INFO ############ All params Done for one inner cut ############
2019-05-05 18:25:38,150 INFO ############ One inner CV Done ############
2019-05-05 18:25:38,154 INFO Best params : {'gamma': 2.6918003852647128, 'method': 'shortest_path', 'C': 1.0, 'alpha': 1.0, 'amijo': True, 'wl': 0, 'features_metric': 'dirac'}
2019-05-05 18:25:38,154 INFO Best inner score : 0.8569444444444445
2019-05-05 18:25:38,156 INFO Outer accuracy 0.7894736842105263
2019-05-05 18:25:38,156 INFO ############ One outer Done ############
2019-05-05 18:25:38,465 INFO ############ All params Done for one inner cut ############
2019-05-05 18:25:38,640 INFO ############ All params Done for one inner cut ############
2019-05-05 18:25:38,986 INFO ############ All params Done for one inner cut ############
2019-05-05 18:25:39,195 INFO ############ All params Done for one inner cut ############
2019-05-05 18:25:39,558 INFO ############ All params Done for one inner cut ############
2019-05-05 18:25:39,726 INFO ############ All params Done for one inner cut ############
2019-05-05 18:25:40,071 INFO ############ All params Done for one inner cut ############
2019-05-05 18:25:40,272 INFO ############ All params Done for one inner cut ############
2019-05-05 18:25:40,656 INFO ############ All params Done for one inner cut ############
2019-05-05 18:25:40,811 INFO ############ All params Done for one inner cut ############
2019-05-05 18:25:41,141 INFO ############ All params Done for one inner cut ############
2019-05-05 18:25:41,141 INFO ############ One inner CV Done ############
2019-05-05 18:25:41,144 INFO Best params : {'C': 3.727593720314938, 'alpha': 1.0, 'features_metric': 'dirac', 'gamma': 2.6918003852647128, 'amijo': False, 'wl': 0, 'method': 'shortest_path'}
2019-05-05 18:25:41,144 INFO Best inner score : 0.8507352941176471
2019-05-05 18:25:41,147 INFO Outer accuracy 0.7894736842105263
2019-05-05 18:25:41,147 INFO ############ One outer Done ############
2019-05-05 18:25:41,295 INFO ############ All params Done for one inner cut ############
2019-05-05 18:25:41,607 INFO ############ All params Done for one inner cut ############
2019-05-05 18:25:41,755 INFO ############ All params Done for one inner cut ############
2019-05-05 18:25:42,066 INFO ############ All params Done for one inner cut ############
2019-05-05 18:25:42,232 INFO ############ All params Done for one inner cut ############
2019-05-05 18:25:42,511 INFO ############ All params Done for one inner cut ############
2019-05-05 18:25:42,695 INFO ############ All params Done for one inner cut ############
2019-05-05 18:25:42,970 INFO ############ All params Done for one inner cut ############
2019-05-05 18:25:43,164 INFO ############ All params Done for one inner cut ############
2019-05-05 18:25:43,165 INFO ############ One inner CV Done ############
2019-05-05 18:25:43,168 INFO Best params : {'gamma': 1.0, 'method': 'shortest_path', 'C': 1.0, 'alpha': 1.0, 'amijo': True, 'wl': 0, 'features_metric': 'dirac'}
2019-05-05 18:25:43,168 INFO Best inner score : 0.8451797385620914
2019-05-05 18:25:43,170 INFO Outer accuracy 0.8421052631578947
2019-05-05 18:25:43,170 INFO ############ One outer Done ############
2019-05-05 18:25:43,443 INFO ############ All params Done for one inner cut ############
2019-05-05 18:25:43,726 INFO ############ All params Done for one inner cut ############
2019-05-05 18:25:44,062 INFO ############ All params Done for one inner cut ############
2019-05-05 18:25:44,249 INFO ############ All params Done for one inner cut ############
2019-05-05 18:25:44,677 INFO ############ All params Done for one inner cut ############
2019-05-05 18:25:44,912 INFO ############ All params Done for one inner cut ############
2019-05-05 18:25:45,199 INFO ############ All params Done for one inner cut ############
2019-05-05 18:25:45,392 INFO ############ All params Done for one inner cut ############
2019-05-05 18:25:45,683 INFO ############ All params Done for one inner cut ############
2019-05-05 18:25:45,890 INFO ############ All params Done for one inner cut ############
2019-05-05 18:25:46,142 INFO ############ All params Done for one inner cut ############
2019-05-05 18:25:46,142 INFO ############ One inner CV Done ############
2019-05-05 18:25:46,146 INFO Best params : {'C': 3.727593720314938, 'alpha': 1.0, 'features_metric': 'dirac', 'gamma': 2.6918003852647128, 'amijo': False, 'wl': 0, 'method': 'shortest_path'}
2019-05-05 18:25:46,146 INFO Best inner score : 0.8503676470588235
2019-05-05 18:25:46,148 INFO Outer accuracy 0.9473684210526315
2019-05-05 18:25:46,148 INFO ############ One outer Done ############
2019-05-05 18:25:46,366 INFO ############ All params Done for one inner cut ############
2019-05-05 18:25:46,760 INFO ############ All params Done for one inner cut ############
2019-05-05 18:25:46,960 INFO ############ All params Done for one inner cut ############
2019-05-05 18:25:47,268 INFO ############ All params Done for one inner cut ############
2019-05-05 18:25:47,423 INFO ############ All params Done for one inner cut ############
2019-05-05 18:25:47,742 INFO ############ All params Done for one inner cut ############
2019-05-05 18:25:47,887 INFO ############ All params Done for one inner cut ############
2019-05-05 18:25:48,251 INFO ############ All params Done for one inner cut ############
2019-05-05 18:25:48,407 INFO ############ All params Done for one inner cut ############
2019-05-05 18:25:48,407 INFO ############ One inner CV Done ############
2019-05-05 18:25:48,410 INFO Best params : {'gamma': 2.6918003852647128, 'method': 'shortest_path', 'C': 3.727593720314938, 'alpha': 1.0, 'amijo': True, 'wl': 0, 'features_metric': 'dirac'}
2019-05-05 18:25:48,410 INFO Best inner score : 0.855923202614379
2019-05-05 18:25:48,413 INFO Outer accuracy 0.8947368421052632
2019-05-05 18:25:48,413 INFO ############ One outer Done ############
2019-05-05 18:25:48,740 INFO ############ All params Done for one inner cut ############
2019-05-05 18:25:48,937 INFO ############ All params Done for one inner cut ############
2019-05-05 18:25:49,361 INFO ############ All params Done for one inner cut ############
2019-05-05 18:25:49,500 INFO ############ All params Done for one inner cut ############
2019-05-05 18:25:49,878 INFO ############ All params Done for one inner cut ############
2019-05-05 18:25:50,011 INFO ############ All params Done for one inner cut ############
2019-05-05 18:25:50,359 INFO ############ All params Done for one inner cut ############
2019-05-05 18:25:50,478 INFO ############ All params Done for one inner cut ############
2019-05-05 18:25:50,945 INFO ############ All params Done for one inner cut ############
2019-05-05 18:25:51,094 INFO ############ All params Done for one inner cut ############
2019-05-05 18:25:51,460 INFO ############ All params Done for one inner cut ############
2019-05-05 18:25:51,460 INFO ############ One inner CV Done ############
2019-05-05 18:25:51,463 INFO Best params : {'C': 1.0, 'alpha': 1.0, 'features_metric': 'dirac', 'gamma': 2.6918003852647128, 'amijo': False, 'wl': 0, 'method': 'shortest_path'}
2019-05-05 18:25:51,464 INFO Best inner score : 0.875
2019-05-05 18:25:51,466 INFO Outer accuracy 0.8421052631578947
2019-05-05 18:25:51,467 INFO ############ One outer Done ############
2019-05-05 18:25:51,576 INFO ############ All params Done for one inner cut ############
2019-05-05 18:25:51,968 INFO ############ All params Done for one inner cut ############
2019-05-05 18:25:52,086 INFO ############ All params Done for one inner cut ############
2019-05-05 18:25:52,450 INFO ############ All params Done for one inner cut ############
2019-05-05 18:25:52,623 INFO ############ All params Done for one inner cut ############
2019-05-05 18:25:53,004 INFO ############ All params Done for one inner cut ############
2019-05-05 18:25:53,152 INFO ############ All params Done for one inner cut ############
2019-05-05 18:25:53,465 INFO ############ All params Done for one inner cut ############
2019-05-05 18:25:53,642 INFO ############ All params Done for one inner cut ############
2019-05-05 18:25:53,642 INFO ############ One inner CV Done ############
2019-05-05 18:25:53,646 INFO Best params : {'gamma': 2.6918003852647128, 'method': 'shortest_path', 'C': 1.0, 'alpha': 1.0, 'amijo': True, 'wl': 0, 'features_metric': 'dirac'}
2019-05-05 18:25:53,646 INFO Best inner score : 0.8875
2019-05-05 18:25:53,649 INFO Outer accuracy 0.8421052631578947
2019-05-05 18:25:53,649 INFO ############ One outer Done ############
2019-05-05 18:25:53,945 INFO ############ All params Done for one inner cut ############
2019-05-05 18:25:54,145 INFO ############ All params Done for one inner cut ############
2019-05-05 18:25:54,435 INFO ############ All params Done for one inner cut ############
2019-05-05 18:25:54,602 INFO ############ All params Done for one inner cut ############
2019-05-05 18:25:54,950 INFO ############ All params Done for one inner cut ############
2019-05-05 18:25:55,156 INFO ############ All params Done for one inner cut ############
2019-05-05 18:25:55,496 INFO ############ All params Done for one inner cut ############
2019-05-05 18:25:55,666 INFO ############ All params Done for one inner cut ############
2019-05-05 18:25:55,996 INFO ############ All params Done for one inner cut ############
2019-05-05 18:25:56,174 INFO ############ All params Done for one inner cut ############
2019-05-05 18:25:56,458 INFO ############ All params Done for one inner cut ############
2019-05-05 18:25:56,458 INFO ############ One inner CV Done ############
2019-05-05 18:25:56,462 INFO Best params : {'C': 3.727593720314938, 'alpha': 1.0, 'features_metric': 'dirac', 'gamma': 2.6918003852647128, 'amijo': False, 'wl': 0, 'method': 'shortest_path'}
2019-05-05 18:25:56,462 INFO Best inner score : 0.8215277777777779
2019-05-05 18:25:56,465 INFO Outer accuracy 0.9473684210526315
2019-05-05 18:25:56,465 INFO ############ One outer Done ############
2019-05-05 18:25:56,465 INFO Nested mean score 0.8947368421052632
2019-05-05 18:25:56,465 INFO Nested std score 0.07443229275647868
2019-05-05 18:25:56,757 INFO ############ All params Done for one inner cut ############
2019-05-05 18:25:57,268 INFO ############ All params Done for one inner cut ############
2019-05-05 18:25:57,702 INFO ############ All params Done for one inner cut ############
2019-05-05 18:25:58,139 INFO ############ All params Done for one inner cut ############
2019-05-05 18:25:58,653 INFO ############ All params Done for one inner cut ############
2019-05-05 18:25:58,654 INFO ############ One inner CV Done ############
2019-05-05 18:25:58,657 INFO Best params : {'gamma': 2.6918003852647128, 'method': 'shortest_path', 'C': 3.727593720314938, 'alpha': 1.0, 'amijo': True, 'wl': 0, 'features_metric': 'dirac'}
2019-05-05 18:25:58,657 INFO Best inner score : 0.8274101307189543
2019-05-05 18:25:58,659 INFO Outer accuracy 1.0
2019-05-05 18:25:58,660 INFO ############ One outer Done ############
2019-05-05 18:25:58,660 INFO Nested mean score 0.9
2019-05-05 18:25:58,660 INFO Nested std score 0.07235645834140801
