2019-05-05 18:34:13,567 INFO Let the Outer CV Begin for fgw_mutag_feature_metric_dirac_structure_metric_shortest_path
2019-05-05 18:34:13,567 INFO n_outer : 10
2019-05-05 18:34:13,567 INFO n_inner : 10
2019-05-05 18:34:13,658 INFO ############ Begin nested CV ############
2019-05-05 18:34:13,659 INFO Inner : 10
2019-05-05 18:34:13,659 INFO Outer : 10
2019-05-05 18:34:13,659 INFO params : [{'C': [0.0001, 0.0003727593720314938, 0.0013894954943731374, 0.005179474679231213, 0.019306977288832496, 0.07196856730011514, 0.2682695795279725, 1.0, 3.727593720314938, 13.89495494373136, 51.79474679231202, 193.06977288832496, 719.6856730011514, 2682.695795279722, 10000.0], 'gamma': [0.0009765625, 0.002628711313735071, 0.007075966127061773, 0.019047088346944928, 0.05127095975047737, 0.1380111892092266, 0.37149857228423705, 1.0, 2.6918003852647128, 7.2457893141112555, 19.504218467271617, 52.501462784488865, 141.32345775024794, 380.4145380190592, 1024.0], 'features_metric': ['dirac'], 'wl': [0], 'amijo': [False], 'method': ['shortest_path'], 'alpha': [0.5, 0.8]}]
2019-05-05 18:34:13,660 INFO Begin precomputing all distances matrices
2019-05-05 18:34:13,660 INFO 2 matrices to fit...
2019-05-05 18:35:44,167 INFO ...Done
2019-05-05 18:35:45,071 INFO ############ All params Done for one inner cut ############
2019-05-05 18:35:45,942 INFO ############ All params Done for one inner cut ############
2019-05-05 18:35:46,927 INFO ############ All params Done for one inner cut ############
2019-05-05 18:35:47,802 INFO ############ All params Done for one inner cut ############
2019-05-05 18:35:48,753 INFO ############ All params Done for one inner cut ############
2019-05-05 18:35:49,674 INFO ############ All params Done for one inner cut ############
2019-05-05 18:35:50,545 INFO ############ All params Done for one inner cut ############
2019-05-05 18:35:51,419 INFO ############ All params Done for one inner cut ############
2019-05-05 18:35:52,286 INFO ############ All params Done for one inner cut ############
2019-05-05 18:35:53,254 INFO ############ All params Done for one inner cut ############
2019-05-05 18:35:53,254 INFO ############ One inner CV Done ############
2019-05-05 18:35:53,260 INFO Best params : {'C': 1.0, 'gamma': 2.6918003852647128, 'features_metric': 'dirac', 'wl': 0, 'amijo': False, 'method': 'shortest_path', 'alpha': 0.5}
2019-05-05 18:35:53,260 INFO Best inner score : 0.8757352941176471
2019-05-05 18:35:53,263 INFO Outer accuracy 0.8421052631578947
2019-05-05 18:35:53,263 INFO ############ One outer Done ############
2019-05-05 18:35:54,205 INFO ############ All params Done for one inner cut ############
2019-05-05 18:35:55,344 INFO ############ All params Done for one inner cut ############
2019-05-05 18:35:56,199 INFO ############ All params Done for one inner cut ############
2019-05-05 18:35:57,053 INFO ############ All params Done for one inner cut ############
2019-05-05 18:35:57,954 INFO ############ All params Done for one inner cut ############
2019-05-05 18:35:58,900 INFO ############ All params Done for one inner cut ############
2019-05-05 18:35:59,928 INFO ############ All params Done for one inner cut ############
2019-05-05 18:36:00,890 INFO ############ All params Done for one inner cut ############
2019-05-05 18:36:01,715 INFO ############ All params Done for one inner cut ############
2019-05-05 18:36:02,588 INFO ############ All params Done for one inner cut ############
2019-05-05 18:36:02,588 INFO ############ One inner CV Done ############
2019-05-05 18:36:02,594 INFO Best params : {'C': 1.0, 'gamma': 2.6918003852647128, 'features_metric': 'dirac', 'wl': 0, 'amijo': False, 'method': 'shortest_path', 'alpha': 0.5}
2019-05-05 18:36:02,594 INFO Best inner score : 0.8694852941176471
2019-05-05 18:36:02,596 INFO Outer accuracy 0.8947368421052632
2019-05-05 18:36:02,596 INFO ############ One outer Done ############
2019-05-05 18:36:03,423 INFO ############ All params Done for one inner cut ############
2019-05-05 18:36:04,261 INFO ############ All params Done for one inner cut ############
2019-05-05 18:36:05,091 INFO ############ All params Done for one inner cut ############
2019-05-05 18:36:05,938 INFO ############ All params Done for one inner cut ############
2019-05-05 18:36:06,795 INFO ############ All params Done for one inner cut ############
2019-05-05 18:36:07,621 INFO ############ All params Done for one inner cut ############
2019-05-05 18:36:08,476 INFO ############ All params Done for one inner cut ############
2019-05-05 18:36:09,412 INFO ############ All params Done for one inner cut ############
2019-05-05 18:36:10,287 INFO ############ All params Done for one inner cut ############
2019-05-05 18:36:11,228 INFO ############ All params Done for one inner cut ############
2019-05-05 18:36:11,228 INFO ############ One inner CV Done ############
2019-05-05 18:36:11,235 INFO Best params : {'C': 3.727593720314938, 'gamma': 7.2457893141112555, 'features_metric': 'dirac', 'wl': 0, 'amijo': False, 'method': 'shortest_path', 'alpha': 0.5}
2019-05-05 18:36:11,235 INFO Best inner score : 0.8582516339869282
2019-05-05 18:36:11,238 INFO Outer accuracy 1.0
2019-05-05 18:36:11,238 INFO ############ One outer Done ############
2019-05-05 18:36:12,139 INFO ############ All params Done for one inner cut ############
2019-05-05 18:36:13,096 INFO ############ All params Done for one inner cut ############
2019-05-05 18:36:13,974 INFO ############ All params Done for one inner cut ############
2019-05-05 18:36:14,986 INFO ############ All params Done for one inner cut ############
2019-05-05 18:36:16,014 INFO ############ All params Done for one inner cut ############
2019-05-05 18:36:16,945 INFO ############ All params Done for one inner cut ############
2019-05-05 18:36:17,821 INFO ############ All params Done for one inner cut ############
2019-05-05 18:36:18,744 INFO ############ All params Done for one inner cut ############
2019-05-05 18:36:19,798 INFO ############ All params Done for one inner cut ############
2019-05-05 18:36:20,762 INFO ############ All params Done for one inner cut ############
2019-05-05 18:36:20,762 INFO ############ One inner CV Done ############
2019-05-05 18:36:20,768 INFO Best params : {'C': 1.0, 'gamma': 2.6918003852647128, 'features_metric': 'dirac', 'wl': 0, 'amijo': False, 'method': 'shortest_path', 'alpha': 0.5}
2019-05-05 18:36:20,768 INFO Best inner score : 0.8819852941176471
2019-05-05 18:36:20,771 INFO Outer accuracy 0.8947368421052632
2019-05-05 18:36:20,771 INFO ############ One outer Done ############
