2019-05-05 18:50:37,003 INFO Let the Outer CV Begin for fgw_mutag_feature_metric_hamming_dist_structure_metric_shortest_path_wl_2
2019-05-05 18:50:37,003 INFO n_outer : 50
2019-05-05 18:50:37,003 INFO n_inner : 10
2019-05-05 18:50:37,611 INFO ############ Begin nested CV ############
2019-05-05 18:50:37,611 INFO Inner : 10
2019-05-05 18:50:37,611 INFO Outer : 50
2019-05-05 18:50:37,612 INFO params : [{'C': [0.0001, 0.0003727593720314938, 0.0013894954943731374, 0.005179474679231213, 0.019306977288832496, 0.07196856730011514, 0.2682695795279725, 1.0, 3.727593720314938, 13.89495494373136, 51.79474679231202, 193.06977288832496, 719.6856730011514, 2682.695795279722, 10000.0], 'gamma': [0.0009765625, 0.002628711313735071, 0.007075966127061773, 0.019047088346944928, 0.05127095975047737, 0.1380111892092266, 0.37149857228423705, 1.0, 2.6918003852647128, 7.2457893141112555, 19.504218467271617, 52.501462784488865, 141.32345775024794, 380.4145380190592, 1024.0], 'amijo': [False], 'alpha': [0.5, 0.8], 'features_metric': ['hamming_dist'], 'wl': [2], 'method': ['shortest_path']}]
2019-05-05 18:50:37,613 INFO Begin precomputing all distances matrices
2019-05-05 18:50:37,614 INFO 2 matrices to fit...
2019-05-05 18:52:45,366 INFO ...Done
2019-05-05 18:52:46,439 INFO ############ All params Done for one inner cut ############
2019-05-05 18:52:47,546 INFO ############ All params Done for one inner cut ############
2019-05-05 18:52:48,461 INFO ############ All params Done for one inner cut ############
2019-05-05 18:52:49,338 INFO ############ All params Done for one inner cut ############
2019-05-05 18:52:50,256 INFO ############ All params Done for one inner cut ############
2019-05-05 18:52:51,229 INFO ############ All params Done for one inner cut ############
2019-05-05 18:52:52,149 INFO ############ All params Done for one inner cut ############
2019-05-05 18:52:53,101 INFO ############ All params Done for one inner cut ############
2019-05-05 18:52:54,244 INFO ############ All params Done for one inner cut ############
2019-05-05 18:52:55,299 INFO ############ All params Done for one inner cut ############
2019-05-05 18:52:55,301 INFO ############ One inner CV Done ############
2019-05-05 18:52:55,309 INFO Best params : {'C': 3.727593720314938, 'gamma': 2.6918003852647128, 'amijo': False, 'alpha': 0.5, 'features_metric': 'hamming_dist', 'wl': 2, 'method': 'shortest_path'}
2019-05-05 18:52:55,309 INFO Best inner score : 0.8996323529411765
2019-05-05 18:52:55,314 INFO Outer accuracy 0.8947368421052632
2019-05-05 18:52:55,315 INFO ############ One outer Done ############
2019-05-05 18:52:56,200 INFO ############ All params Done for one inner cut ############
2019-05-05 18:52:57,066 INFO ############ All params Done for one inner cut ############
2019-05-05 18:52:58,115 INFO ############ All params Done for one inner cut ############
2019-05-05 18:52:59,042 INFO ############ All params Done for one inner cut ############
2019-05-05 18:53:00,078 INFO ############ All params Done for one inner cut ############
2019-05-05 18:53:01,053 INFO ############ All params Done for one inner cut ############
2019-05-05 18:53:02,025 INFO ############ All params Done for one inner cut ############
2019-05-05 18:53:02,891 INFO ############ All params Done for one inner cut ############
2019-05-05 18:53:03,800 INFO ############ All params Done for one inner cut ############
2019-05-05 18:53:04,986 INFO ############ All params Done for one inner cut ############
2019-05-05 18:53:04,986 INFO ############ One inner CV Done ############
2019-05-05 18:53:04,992 INFO Best params : {'C': 3.727593720314938, 'gamma': 2.6918003852647128, 'amijo': False, 'alpha': 0.5, 'features_metric': 'hamming_dist', 'wl': 2, 'method': 'shortest_path'}
2019-05-05 18:53:04,993 INFO Best inner score : 0.89375
2019-05-05 18:53:04,995 INFO Outer accuracy 0.9473684210526315
2019-05-05 18:53:04,995 INFO ############ One outer Done ############
2019-05-05 18:53:05,934 INFO ############ All params Done for one inner cut ############
2019-05-05 18:53:06,958 INFO ############ All params Done for one inner cut ############
2019-05-05 18:53:08,054 INFO ############ All params Done for one inner cut ############
2019-05-05 18:53:09,027 INFO ############ All params Done for one inner cut ############
2019-05-05 18:53:10,003 INFO ############ All params Done for one inner cut ############
2019-05-05 18:53:11,024 INFO ############ All params Done for one inner cut ############
2019-05-05 18:53:12,096 INFO ############ All params Done for one inner cut ############
2019-05-05 18:53:13,306 INFO ############ All params Done for one inner cut ############
2019-05-05 18:53:14,835 INFO ############ All params Done for one inner cut ############
2019-05-05 18:53:15,781 INFO ############ All params Done for one inner cut ############
2019-05-05 18:53:15,781 INFO ############ One inner CV Done ############
2019-05-05 18:53:15,789 INFO Best params : {'C': 3.727593720314938, 'gamma': 2.6918003852647128, 'amijo': False, 'alpha': 0.5, 'features_metric': 'hamming_dist', 'wl': 2, 'method': 'shortest_path'}
2019-05-05 18:53:15,789 INFO Best inner score : 0.911315359477124
2019-05-05 18:53:15,792 INFO Outer accuracy 1.0
2019-05-05 18:53:15,793 INFO ############ One outer Done ############
2019-05-05 18:53:16,792 INFO ############ All params Done for one inner cut ############
2019-05-05 18:53:17,796 INFO ############ All params Done for one inner cut ############
2019-05-05 18:53:18,674 INFO ############ All params Done for one inner cut ############
2019-05-05 18:53:20,165 INFO ############ All params Done for one inner cut ############
2019-05-05 18:53:21,359 INFO ############ All params Done for one inner cut ############
2019-05-05 18:53:22,436 INFO ############ All params Done for one inner cut ############
2019-05-05 18:53:24,158 INFO ############ All params Done for one inner cut ############
2019-05-05 18:53:26,539 INFO ############ All params Done for one inner cut ############
2019-05-05 18:53:27,951 INFO ############ All params Done for one inner cut ############
2019-05-05 18:53:29,068 INFO ############ All params Done for one inner cut ############
2019-05-05 18:53:29,068 INFO ############ One inner CV Done ############
2019-05-05 18:53:29,075 INFO Best params : {'C': 1.0, 'gamma': 2.6918003852647128, 'amijo': False, 'alpha': 0.5, 'features_metric': 'hamming_dist', 'wl': 2, 'method': 'shortest_path'}
2019-05-05 18:53:29,075 INFO Best inner score : 0.8878676470588236
2019-05-05 18:53:29,077 INFO Outer accuracy 0.9473684210526315
2019-05-05 18:53:29,077 INFO ############ One outer Done ############
2019-05-05 18:53:30,034 INFO ############ All params Done for one inner cut ############
2019-05-05 18:53:31,017 INFO ############ All params Done for one inner cut ############
2019-05-05 18:53:31,958 INFO ############ All params Done for one inner cut ############
2019-05-05 18:53:33,105 INFO ############ All params Done for one inner cut ############
2019-05-05 18:53:34,096 INFO ############ All params Done for one inner cut ############
2019-05-05 18:53:35,039 INFO ############ All params Done for one inner cut ############
2019-05-05 18:53:36,068 INFO ############ All params Done for one inner cut ############
2019-05-05 18:53:37,032 INFO ############ All params Done for one inner cut ############
2019-05-05 18:53:37,948 INFO ############ All params Done for one inner cut ############
2019-05-05 18:53:39,156 INFO ############ All params Done for one inner cut ############
2019-05-05 18:53:39,156 INFO ############ One inner CV Done ############
2019-05-05 18:53:39,162 INFO Best params : {'C': 3.727593720314938, 'gamma': 2.6918003852647128, 'amijo': False, 'alpha': 0.5, 'features_metric': 'hamming_dist', 'wl': 2, 'method': 'shortest_path'}
2019-05-05 18:53:39,163 INFO Best inner score : 0.8927287581699346
2019-05-05 18:53:39,165 INFO Outer accuracy 1.0
2019-05-05 18:53:39,165 INFO ############ One outer Done ############
2019-05-05 18:53:40,118 INFO ############ All params Done for one inner cut ############
2019-05-05 18:53:41,638 INFO ############ All params Done for one inner cut ############
2019-05-05 18:53:42,599 INFO ############ All params Done for one inner cut ############
2019-05-05 18:53:43,550 INFO ############ All params Done for one inner cut ############
2019-05-05 18:53:44,584 INFO ############ All params Done for one inner cut ############
2019-05-05 18:53:45,609 INFO ############ All params Done for one inner cut ############
2019-05-05 18:53:46,537 INFO ############ All params Done for one inner cut ############
2019-05-05 18:53:47,530 INFO ############ All params Done for one inner cut ############
2019-05-05 18:53:48,392 INFO ############ All params Done for one inner cut ############
2019-05-05 18:53:49,314 INFO ############ All params Done for one inner cut ############
2019-05-05 18:53:49,314 INFO ############ One inner CV Done ############
2019-05-05 18:53:49,326 INFO Best params : {'C': 1.0, 'gamma': 1.0, 'amijo': False, 'alpha': 0.5, 'features_metric': 'hamming_dist', 'wl': 2, 'method': 'shortest_path'}
2019-05-05 18:53:49,326 INFO Best inner score : 0.9040441176470587
2019-05-05 18:53:49,328 INFO Outer accuracy 0.7368421052631579
2019-05-05 18:53:49,329 INFO ############ One outer Done ############
2019-05-05 18:53:50,284 INFO ############ All params Done for one inner cut ############
2019-05-05 18:53:51,179 INFO ############ All params Done for one inner cut ############
2019-05-05 18:53:52,080 INFO ############ All params Done for one inner cut ############
2019-05-05 18:53:52,981 INFO ############ All params Done for one inner cut ############
2019-05-05 18:53:53,920 INFO ############ All params Done for one inner cut ############
2019-05-05 18:53:54,825 INFO ############ All params Done for one inner cut ############
2019-05-05 18:53:55,715 INFO ############ All params Done for one inner cut ############
2019-05-05 18:53:57,014 INFO ############ All params Done for one inner cut ############
2019-05-05 18:53:58,013 INFO ############ All params Done for one inner cut ############
2019-05-05 18:53:58,940 INFO ############ All params Done for one inner cut ############
2019-05-05 18:53:58,941 INFO ############ One inner CV Done ############
2019-05-05 18:53:58,948 INFO Best params : {'C': 3.727593720314938, 'gamma': 2.6918003852647128, 'amijo': False, 'alpha': 0.5, 'features_metric': 'hamming_dist', 'wl': 2, 'method': 'shortest_path'}
2019-05-05 18:53:58,948 INFO Best inner score : 0.9035130718954247
2019-05-05 18:53:58,951 INFO Outer accuracy 0.9473684210526315
2019-05-05 18:53:58,951 INFO ############ One outer Done ############
2019-05-05 18:54:00,296 INFO ############ All params Done for one inner cut ############
2019-05-05 18:54:01,290 INFO ############ All params Done for one inner cut ############
2019-05-05 18:54:02,191 INFO ############ All params Done for one inner cut ############
2019-05-05 18:54:03,144 INFO ############ All params Done for one inner cut ############
2019-05-05 18:54:04,087 INFO ############ All params Done for one inner cut ############
2019-05-05 18:54:04,971 INFO ############ All params Done for one inner cut ############
2019-05-05 18:54:05,861 INFO ############ All params Done for one inner cut ############
2019-05-05 18:54:06,783 INFO ############ All params Done for one inner cut ############
2019-05-05 18:54:07,702 INFO ############ All params Done for one inner cut ############
2019-05-05 18:54:08,749 INFO ############ All params Done for one inner cut ############
2019-05-05 18:54:08,749 INFO ############ One inner CV Done ############
2019-05-05 18:54:08,755 INFO Best params : {'C': 3.727593720314938, 'gamma': 2.6918003852647128, 'amijo': False, 'alpha': 0.5, 'features_metric': 'hamming_dist', 'wl': 2, 'method': 'shortest_path'}
2019-05-05 18:54:08,755 INFO Best inner score : 0.855923202614379
2019-05-05 18:54:08,758 INFO Outer accuracy 0.8947368421052632
2019-05-05 18:54:08,758 INFO ############ One outer Done ############
2019-05-05 18:54:09,686 INFO ############ All params Done for one inner cut ############
2019-05-05 18:54:10,613 INFO ############ All params Done for one inner cut ############
2019-05-05 18:54:11,546 INFO ############ All params Done for one inner cut ############
2019-05-05 18:54:12,450 INFO ############ All params Done for one inner cut ############
2019-05-05 18:54:13,409 INFO ############ All params Done for one inner cut ############
2019-05-05 18:54:14,345 INFO ############ All params Done for one inner cut ############
2019-05-05 18:54:15,266 INFO ############ All params Done for one inner cut ############
2019-05-05 18:54:16,143 INFO ############ All params Done for one inner cut ############
2019-05-05 18:54:17,086 INFO ############ All params Done for one inner cut ############
2019-05-05 18:54:17,951 INFO ############ All params Done for one inner cut ############
2019-05-05 18:54:17,951 INFO ############ One inner CV Done ############
2019-05-05 18:54:17,958 INFO Best params : {'C': 3.727593720314938, 'gamma': 2.6918003852647128, 'amijo': False, 'alpha': 0.8, 'features_metric': 'hamming_dist', 'wl': 2, 'method': 'shortest_path'}
2019-05-05 18:54:17,959 INFO Best inner score : 0.9110294117647058
2019-05-05 18:54:17,961 INFO Outer accuracy 0.8947368421052632
2019-05-05 18:54:17,961 INFO ############ One outer Done ############
2019-05-05 18:54:18,905 INFO ############ All params Done for one inner cut ############
2019-05-05 18:54:19,933 INFO ############ All params Done for one inner cut ############
2019-05-05 18:54:21,128 INFO ############ All params Done for one inner cut ############
2019-05-05 18:54:22,129 INFO ############ All params Done for one inner cut ############
2019-05-05 18:54:23,032 INFO ############ All params Done for one inner cut ############
2019-05-05 18:54:24,512 INFO ############ All params Done for one inner cut ############
2019-05-05 18:54:25,451 INFO ############ All params Done for one inner cut ############
2019-05-05 18:54:26,393 INFO ############ All params Done for one inner cut ############
2019-05-05 18:54:27,334 INFO ############ All params Done for one inner cut ############
2019-05-05 18:54:28,276 INFO ############ All params Done for one inner cut ############
2019-05-05 18:54:28,276 INFO ############ One inner CV Done ############
2019-05-05 18:54:28,283 INFO Best params : {'C': 3.727593720314938, 'gamma': 2.6918003852647128, 'amijo': False, 'alpha': 0.5, 'features_metric': 'hamming_dist', 'wl': 2, 'method': 'shortest_path'}
2019-05-05 18:54:28,283 INFO Best inner score : 0.8873774509803922
2019-05-05 18:54:28,285 INFO Outer accuracy 0.8947368421052632
2019-05-05 18:54:28,285 INFO ############ One outer Done ############
2019-05-05 18:54:29,235 INFO ############ All params Done for one inner cut ############
2019-05-05 18:54:30,197 INFO ############ All params Done for one inner cut ############
2019-05-05 18:54:31,112 INFO ############ All params Done for one inner cut ############
2019-05-05 18:54:32,012 INFO ############ All params Done for one inner cut ############
2019-05-05 18:54:32,893 INFO ############ All params Done for one inner cut ############
2019-05-05 18:54:33,836 INFO ############ All params Done for one inner cut ############
2019-05-05 18:54:34,777 INFO ############ All params Done for one inner cut ############
2019-05-05 18:54:35,727 INFO ############ All params Done for one inner cut ############
2019-05-05 18:54:36,849 INFO ############ All params Done for one inner cut ############
2019-05-05 18:54:37,855 INFO ############ All params Done for one inner cut ############
2019-05-05 18:54:37,856 INFO ############ One inner CV Done ############
2019-05-05 18:54:37,862 INFO Best params : {'C': 3.727593720314938, 'gamma': 2.6918003852647128, 'amijo': False, 'alpha': 0.8, 'features_metric': 'hamming_dist', 'wl': 2, 'method': 'shortest_path'}
2019-05-05 18:54:37,862 INFO Best inner score : 0.8941176470588236
2019-05-05 18:54:37,865 INFO Outer accuracy 0.8421052631578947
2019-05-05 18:54:37,865 INFO ############ One outer Done ############
2019-05-05 18:54:38,795 INFO ############ All params Done for one inner cut ############
2019-05-05 18:54:39,874 INFO ############ All params Done for one inner cut ############
2019-05-05 18:54:40,803 INFO ############ All params Done for one inner cut ############
2019-05-05 18:54:42,130 INFO ############ All params Done for one inner cut ############
2019-05-05 18:54:43,186 INFO ############ All params Done for one inner cut ############
2019-05-05 18:54:44,058 INFO ############ All params Done for one inner cut ############
2019-05-05 18:54:44,983 INFO ############ All params Done for one inner cut ############
2019-05-05 18:54:45,900 INFO ############ All params Done for one inner cut ############
2019-05-05 18:54:46,831 INFO ############ All params Done for one inner cut ############
2019-05-05 18:54:47,742 INFO ############ All params Done for one inner cut ############
2019-05-05 18:54:47,743 INFO ############ One inner CV Done ############
2019-05-05 18:54:47,765 INFO Best params : {'C': 3.727593720314938, 'gamma': 2.6918003852647128, 'amijo': False, 'alpha': 0.5, 'features_metric': 'hamming_dist', 'wl': 2, 'method': 'shortest_path'}
2019-05-05 18:54:47,765 INFO Best inner score : 0.8759803921568627
2019-05-05 18:54:47,769 INFO Outer accuracy 0.8421052631578947
2019-05-05 18:54:47,769 INFO ############ One outer Done ############
2019-05-05 18:54:48,841 INFO ############ All params Done for one inner cut ############
2019-05-05 18:54:49,717 INFO ############ All params Done for one inner cut ############
2019-05-05 18:54:50,649 INFO ############ All params Done for one inner cut ############
2019-05-05 18:54:51,598 INFO ############ All params Done for one inner cut ############
2019-05-05 18:54:52,916 INFO ############ All params Done for one inner cut ############
2019-05-05 18:54:53,801 INFO ############ All params Done for one inner cut ############
2019-05-05 18:54:54,840 INFO ############ All params Done for one inner cut ############
2019-05-05 18:54:55,734 INFO ############ All params Done for one inner cut ############
2019-05-05 18:54:56,580 INFO ############ All params Done for one inner cut ############
2019-05-05 18:54:57,508 INFO ############ All params Done for one inner cut ############
2019-05-05 18:54:57,508 INFO ############ One inner CV Done ############
2019-05-05 18:54:57,514 INFO Best params : {'C': 3.727593720314938, 'gamma': 2.6918003852647128, 'amijo': False, 'alpha': 0.5, 'features_metric': 'hamming_dist', 'wl': 2, 'method': 'shortest_path'}
2019-05-05 18:54:57,515 INFO Best inner score : 0.8932598039215687
2019-05-05 18:54:57,517 INFO Outer accuracy 0.7894736842105263
2019-05-05 18:54:57,517 INFO ############ One outer Done ############
2019-05-05 18:54:58,355 INFO ############ All params Done for one inner cut ############
2019-05-05 18:54:59,215 INFO ############ All params Done for one inner cut ############
2019-05-05 18:55:00,188 INFO ############ All params Done for one inner cut ############
2019-05-05 18:55:01,192 INFO ############ All params Done for one inner cut ############
2019-05-05 18:55:02,101 INFO ############ All params Done for one inner cut ############
2019-05-05 18:55:02,987 INFO ############ All params Done for one inner cut ############
2019-05-05 18:55:03,988 INFO ############ All params Done for one inner cut ############
2019-05-05 18:55:04,898 INFO ############ All params Done for one inner cut ############
2019-05-05 18:55:05,950 INFO ############ All params Done for one inner cut ############
2019-05-05 18:55:07,100 INFO ############ All params Done for one inner cut ############
2019-05-05 18:55:07,100 INFO ############ One inner CV Done ############
2019-05-05 18:55:07,107 INFO Best params : {'C': 3.727593720314938, 'gamma': 2.6918003852647128, 'amijo': False, 'alpha': 0.5, 'features_metric': 'hamming_dist', 'wl': 2, 'method': 'shortest_path'}
2019-05-05 18:55:07,108 INFO Best inner score : 0.8816176470588235
2019-05-05 18:55:07,110 INFO Outer accuracy 0.8947368421052632
2019-05-05 18:55:07,110 INFO ############ One outer Done ############
2019-05-05 18:55:08,300 INFO ############ All params Done for one inner cut ############
2019-05-05 18:55:09,450 INFO ############ All params Done for one inner cut ############
2019-05-05 18:55:10,387 INFO ############ All params Done for one inner cut ############
2019-05-05 18:55:11,543 INFO ############ All params Done for one inner cut ############
2019-05-05 18:55:12,442 INFO ############ All params Done for one inner cut ############
2019-05-05 18:55:13,307 INFO ############ All params Done for one inner cut ############
2019-05-05 18:55:14,184 INFO ############ All params Done for one inner cut ############
2019-05-05 18:55:15,047 INFO ############ All params Done for one inner cut ############
2019-05-05 18:55:16,027 INFO ############ All params Done for one inner cut ############
2019-05-05 18:55:17,361 INFO ############ All params Done for one inner cut ############
2019-05-05 18:55:17,361 INFO ############ One inner CV Done ############
2019-05-05 18:55:17,368 INFO Best params : {'C': 3.727593720314938, 'gamma': 1.0, 'amijo': False, 'alpha': 0.5, 'features_metric': 'hamming_dist', 'wl': 2, 'method': 'shortest_path'}
2019-05-05 18:55:17,368 INFO Best inner score : 0.9354575163398693
2019-05-05 18:55:17,370 INFO Outer accuracy 0.631578947368421
2019-05-05 18:55:17,371 INFO ############ One outer Done ############
2019-05-05 18:55:18,490 INFO ############ All params Done for one inner cut ############
2019-05-05 18:55:19,387 INFO ############ All params Done for one inner cut ############
2019-05-05 18:55:20,321 INFO ############ All params Done for one inner cut ############
2019-05-05 18:55:21,385 INFO ############ All params Done for one inner cut ############
2019-05-05 18:55:22,480 INFO ############ All params Done for one inner cut ############
2019-05-05 18:55:23,445 INFO ############ All params Done for one inner cut ############
2019-05-05 18:55:24,390 INFO ############ All params Done for one inner cut ############
2019-05-05 18:55:25,480 INFO ############ All params Done for one inner cut ############
2019-05-05 18:55:26,529 INFO ############ All params Done for one inner cut ############
2019-05-05 18:55:27,452 INFO ############ All params Done for one inner cut ############
2019-05-05 18:55:27,452 INFO ############ One inner CV Done ############
2019-05-05 18:55:27,459 INFO Best params : {'C': 3.727593720314938, 'gamma': 2.6918003852647128, 'amijo': False, 'alpha': 0.8, 'features_metric': 'hamming_dist', 'wl': 2, 'method': 'shortest_path'}
2019-05-05 18:55:27,459 INFO Best inner score : 0.8903594771241832
2019-05-05 18:55:27,461 INFO Outer accuracy 0.7894736842105263
2019-05-05 18:55:27,461 INFO ############ One outer Done ############
2019-05-05 18:55:28,296 INFO ############ All params Done for one inner cut ############
2019-05-05 18:55:29,159 INFO ############ All params Done for one inner cut ############
2019-05-05 18:55:29,998 INFO ############ All params Done for one inner cut ############
2019-05-05 18:55:30,824 INFO ############ All params Done for one inner cut ############
2019-05-05 18:55:31,662 INFO ############ All params Done for one inner cut ############
2019-05-05 18:55:32,605 INFO ############ All params Done for one inner cut ############
2019-05-05 18:55:33,725 INFO ############ All params Done for one inner cut ############
2019-05-05 18:55:34,817 INFO ############ All params Done for one inner cut ############
2019-05-05 18:55:35,919 INFO ############ All params Done for one inner cut ############
2019-05-05 18:55:36,884 INFO ############ All params Done for one inner cut ############
2019-05-05 18:55:36,884 INFO ############ One inner CV Done ############
2019-05-05 18:55:36,891 INFO Best params : {'C': 3.727593720314938, 'gamma': 2.6918003852647128, 'amijo': False, 'alpha': 0.5, 'features_metric': 'hamming_dist', 'wl': 2, 'method': 'shortest_path'}
2019-05-05 18:55:36,891 INFO Best inner score : 0.8886437908496732
2019-05-05 18:55:36,894 INFO Outer accuracy 0.9473684210526315
2019-05-05 18:55:36,894 INFO ############ One outer Done ############
2019-05-05 18:55:37,753 INFO ############ All params Done for one inner cut ############
2019-05-05 18:55:38,677 INFO ############ All params Done for one inner cut ############
2019-05-05 18:55:39,807 INFO ############ All params Done for one inner cut ############
2019-05-05 18:55:40,755 INFO ############ All params Done for one inner cut ############
2019-05-05 18:55:41,708 INFO ############ All params Done for one inner cut ############
2019-05-05 18:55:42,639 INFO ############ All params Done for one inner cut ############
2019-05-05 18:55:43,537 INFO ############ All params Done for one inner cut ############
2019-05-05 18:55:44,397 INFO ############ All params Done for one inner cut ############
2019-05-05 18:55:45,284 INFO ############ All params Done for one inner cut ############
2019-05-05 18:55:46,222 INFO ############ All params Done for one inner cut ############
2019-05-05 18:55:46,222 INFO ############ One inner CV Done ############
2019-05-05 18:55:46,228 INFO Best params : {'C': 3.727593720314938, 'gamma': 2.6918003852647128, 'amijo': False, 'alpha': 0.5, 'features_metric': 'hamming_dist', 'wl': 2, 'method': 'shortest_path'}
2019-05-05 18:55:46,228 INFO Best inner score : 0.9113562091503269
2019-05-05 18:55:46,231 INFO Outer accuracy 0.8947368421052632
2019-05-05 18:55:46,231 INFO ############ One outer Done ############
2019-05-05 18:55:47,093 INFO ############ All params Done for one inner cut ############
2019-05-05 18:55:47,956 INFO ############ All params Done for one inner cut ############
2019-05-05 18:55:48,813 INFO ############ All params Done for one inner cut ############
2019-05-05 18:55:49,708 INFO ############ All params Done for one inner cut ############
2019-05-05 18:55:50,595 INFO ############ All params Done for one inner cut ############
2019-05-05 18:55:51,532 INFO ############ All params Done for one inner cut ############
2019-05-05 18:55:52,433 INFO ############ All params Done for one inner cut ############
2019-05-05 18:55:53,318 INFO ############ All params Done for one inner cut ############
2019-05-05 18:55:54,208 INFO ############ All params Done for one inner cut ############
2019-05-05 18:55:55,081 INFO ############ All params Done for one inner cut ############
2019-05-05 18:55:55,081 INFO ############ One inner CV Done ############
2019-05-05 18:55:55,087 INFO Best params : {'C': 1.0, 'gamma': 2.6918003852647128, 'amijo': False, 'alpha': 0.5, 'features_metric': 'hamming_dist', 'wl': 2, 'method': 'shortest_path'}
2019-05-05 18:55:55,088 INFO Best inner score : 0.8878676470588236
2019-05-05 18:55:55,090 INFO Outer accuracy 0.8421052631578947
2019-05-05 18:55:55,090 INFO ############ One outer Done ############
2019-05-05 18:55:55,948 INFO ############ All params Done for one inner cut ############
2019-05-05 18:55:56,800 INFO ############ All params Done for one inner cut ############
2019-05-05 18:55:57,661 INFO ############ All params Done for one inner cut ############
2019-05-05 18:55:58,521 INFO ############ All params Done for one inner cut ############
2019-05-05 18:55:59,449 INFO ############ All params Done for one inner cut ############
2019-05-05 18:56:00,326 INFO ############ All params Done for one inner cut ############
2019-05-05 18:56:01,247 INFO ############ All params Done for one inner cut ############
2019-05-05 18:56:02,182 INFO ############ All params Done for one inner cut ############
2019-05-05 18:56:03,145 INFO ############ All params Done for one inner cut ############
2019-05-05 18:56:04,027 INFO ############ All params Done for one inner cut ############
2019-05-05 18:56:04,027 INFO ############ One inner CV Done ############
2019-05-05 18:56:04,034 INFO Best params : {'C': 3.727593720314938, 'gamma': 2.6918003852647128, 'amijo': False, 'alpha': 0.5, 'features_metric': 'hamming_dist', 'wl': 2, 'method': 'shortest_path'}
2019-05-05 18:56:04,034 INFO Best inner score : 0.8933823529411764
2019-05-05 18:56:04,036 INFO Outer accuracy 0.8947368421052632
2019-05-05 18:56:04,036 INFO ############ One outer Done ############
2019-05-05 18:56:04,913 INFO ############ All params Done for one inner cut ############
2019-05-05 18:56:05,769 INFO ############ All params Done for one inner cut ############
2019-05-05 18:56:06,730 INFO ############ All params Done for one inner cut ############
2019-05-05 18:56:07,884 INFO ############ All params Done for one inner cut ############
2019-05-05 18:56:08,915 INFO ############ All params Done for one inner cut ############
2019-05-05 18:56:09,787 INFO ############ All params Done for one inner cut ############
2019-05-05 18:56:10,645 INFO ############ All params Done for one inner cut ############
2019-05-05 18:56:11,633 INFO ############ All params Done for one inner cut ############
2019-05-05 18:56:12,636 INFO ############ All params Done for one inner cut ############
2019-05-05 18:56:13,534 INFO ############ All params Done for one inner cut ############
2019-05-05 18:56:13,534 INFO ############ One inner CV Done ############
2019-05-05 18:56:13,540 INFO Best params : {'C': 3.727593720314938, 'gamma': 2.6918003852647128, 'amijo': False, 'alpha': 0.5, 'features_metric': 'hamming_dist', 'wl': 2, 'method': 'shortest_path'}
2019-05-05 18:56:13,540 INFO Best inner score : 0.9070669934640524
2019-05-05 18:56:13,543 INFO Outer accuracy 0.8947368421052632
2019-05-05 18:56:13,543 INFO ############ One outer Done ############
2019-05-05 18:56:14,489 INFO ############ All params Done for one inner cut ############
2019-05-05 18:56:15,381 INFO ############ All params Done for one inner cut ############
2019-05-05 18:56:16,408 INFO ############ All params Done for one inner cut ############
2019-05-05 18:56:17,365 INFO ############ All params Done for one inner cut ############
2019-05-05 18:56:18,311 INFO ############ All params Done for one inner cut ############
2019-05-05 18:56:19,211 INFO ############ All params Done for one inner cut ############
2019-05-05 18:56:20,152 INFO ############ All params Done for one inner cut ############
2019-05-05 18:56:21,094 INFO ############ All params Done for one inner cut ############
2019-05-05 18:56:22,109 INFO ############ All params Done for one inner cut ############
